<?xml version="1.0" encoding="UTF-8"?>
<!-- Generated by org.testng.reporters.JUnitReportReporter -->
<testsuite skipped="0" hostname="Sridhars-MacBook-Pro.local" name="qa.busuu.pom.testcases.ChangePasswordTest" tests="1" failures="0" timestamp="06 Apr 2018 09:53:41 GMT" time="14.956" errors="0">
  <testcase name="changePasswordTest" time="14.956" classname="qa.busuu.pom.testcases.ChangePasswordTest"/>
</testsuite> <!-- qa.busuu.pom.testcases.ChangePasswordTest -->
