<?xml version="1.0" encoding="UTF-8"?>
<!-- Generated by org.testng.reporters.JUnitReportReporter -->
<testsuite skipped="1" hostname="Sridhars-MacBook-Pro.local" name="qa.busuu.pom.testcases.LoginTest" tests="2" failures="0" timestamp="06 Apr 2018 09:53:41 GMT" time="14.339" errors="0">
  <testcase name="doLogin" time="0.035" classname="qa.busuu.pom.testcases.LoginTest">
    <skipped/>
  </testcase> <!-- doLogin -->
  <testcase name="doLogin" time="14.304" classname="qa.busuu.pom.testcases.LoginTest"/>
</testsuite> <!-- qa.busuu.pom.testcases.LoginTest -->
